<?xml version="1.0" encoding="UTF-8"?>
<!-- Generated by org.testng.reporters.JUnitReportReporter -->
<testsuite hostname="tester-VirtualBox" name="domaci.loginTest" tests="6" failures="0" timestamp="5 Dec 2017 09:23:21 GMT" time="5.928" errors="0">
  <testcase name="loginSaPogresnimUsername" time="0.750" classname="domaci.loginTest"/>
  <testcase name="loginBezUsername" time="0.519" classname="domaci.loginTest"/>
  <testcase name="loginSaPogresnimPassword" time="0.658" classname="domaci.loginTest"/>
  <testcase name="login" time="2.758" classname="domaci.loginTest"/>
  <testcase name="loginBezParametara" time="0.787" classname="domaci.loginTest"/>
  <testcase name="loginBezPassword" time="0.456" classname="domaci.loginTest"/>
</testsuite> <!-- domaci.loginTest -->
